<?xml version="1.0" encoding="UTF-8"?>
<!-- Generated by org.testng.reporters.JUnitXMLReporter -->
<testsuite ignored="0" hostname="DESKTOP-5M7AM2E" failures="0" tests="16" name="Default test" time="119.781" errors="0" timestamp="2022-08-01T22:27:06 IST">
  <testcase classname="com.zaigo.reactui.CreateUserTestCases" name="loginPage" time="2.882"/>
  <testcase classname="com.zaigo.reactui.CreateUserTestCases" name="modulePage" time="11.893"/>
  <testcase classname="com.zaigo.reactui.CreateUserTestCases" name="reqFieldUser" time="3.373"/>
  <testcase classname="com.zaigo.reactui.CreateUserTestCases" name="conReqField" time="4.091"/>
  <testcase classname="com.zaigo.reactui.CreateUserTestCases" name="reqOrganization" time="6.905"/>
  <testcase classname="com.zaigo.reactui.CreateUserTestCases" name="manditoryField" time="6.026"/>
  <testcase classname="com.zaigo.reactui.CreateUserTestCases" name="inputUserLocationFieldReq" time="8.576"/>
  <testcase classname="com.zaigo.reactui.CreateUserTestCases" name="conManditoryField" time="0.468"/>
  <testcase classname="com.zaigo.reactui.CreateUserTestCases" name="inputContractorLocationFieldReq" time="7.14"/>
  <testcase classname="com.zaigo.reactui.CreateUserTestCases" name="UserModule" time="12.628"/>
  <testcase classname="com.zaigo.reactui.CreateUserTestCases" name="listValidate" time="2.754"/>
  <testcase classname="com.zaigo.reactui.CreateUserTestCases" name="searchValidate" time="3.648"/>
  <testcase classname="com.zaigo.reactui.CreateUserTestCases" name="invalidSearch" time="3.634"/>
  <testcase classname="com.zaigo.reactui.CreateUserTestCases" name="conDatas" time="11.802"/>
  <testcase classname="com.zaigo.reactui.CreateUserTestCases" name="alreadyExistData" time="10.32"/>
  <testcase classname="com.zaigo.reactui.CreateUserTestCases" name="contractExistingData" time="20.836"/>
</testsuite> <!-- Default test -->
