<?xml version="1.0" encoding="UTF-8"?>
<testng-results ignored="0" total="61" passed="61" failed="0" skipped="0">
  <reporter-output>
  </reporter-output>
  <suite started-at="2022-08-30T15:13:29 IST" name="Fieldy Login Test" finished-at="2022-08-30T15:19:18 IST" duration-ms="349267">
    <groups>
    </groups>
    <test started-at="2022-08-30T15:13:29 IST" name="Login TestCases" finished-at="2022-08-30T15:19:18 IST" duration-ms="349267">
      <class name="com.zaigo.reactui.CreateUserTestCases">
        <test-method is-config="true" signature="setup()[pri:0, instance:com.zaigo.reactui.CreateUserTestCases@27f981c6]" started-at="2022-08-30T15:15:15 IST" name="setup" finished-at="2022-08-30T15:15:16 IST" duration-ms="865" status="PASS">
          <reporter-output>
          </reporter-output>
        </test-method> <!-- setup -->
        <test-method signature="loginPage()[pri:1, instance:com.zaigo.reactui.CreateUserTestCases@27f981c6]" started-at="2022-08-30T15:15:16 IST" name="loginPage" finished-at="2022-08-30T15:15:18 IST" duration-ms="2629" status="PASS">
          <reporter-output>
          </reporter-output>
        </test-method> <!-- loginPage -->
        <test-method is-config="true" signature="setVariableEmpty()[pri:0, instance:com.zaigo.reactui.CreateUserTestCases@27f981c6]" started-at="2022-08-30T15:15:18 IST" name="setVariableEmpty" finished-at="2022-08-30T15:15:18 IST" duration-ms="0" status="PASS">
          <reporter-output>
          </reporter-output>
        </test-method> <!-- setVariableEmpty -->
        <test-method signature="modulePage()[pri:2, instance:com.zaigo.reactui.CreateUserTestCases@27f981c6]" started-at="2022-08-30T15:15:18 IST" name="modulePage" finished-at="2022-08-30T15:15:33 IST" duration-ms="14840" status="PASS">
          <reporter-output>
          </reporter-output>
        </test-method> <!-- modulePage -->
        <test-method is-config="true" signature="setVariableEmpty()[pri:0, instance:com.zaigo.reactui.CreateUserTestCases@27f981c6]" started-at="2022-08-30T15:15:33 IST" name="setVariableEmpty" finished-at="2022-08-30T15:15:33 IST" duration-ms="0" status="PASS">
          <reporter-output>
          </reporter-output>
        </test-method> <!-- setVariableEmpty -->
        <test-method signature="reqFieldUser()[pri:3, instance:com.zaigo.reactui.CreateUserTestCases@27f981c6]" started-at="2022-08-30T15:15:33 IST" name="reqFieldUser" finished-at="2022-08-30T15:15:37 IST" duration-ms="4197" status="PASS">
          <reporter-output>
          </reporter-output>
        </test-method> <!-- reqFieldUser -->
        <test-method is-config="true" signature="setVariableEmpty()[pri:0, instance:com.zaigo.reactui.CreateUserTestCases@27f981c6]" started-at="2022-08-30T15:15:37 IST" name="setVariableEmpty" finished-at="2022-08-30T15:15:37 IST" duration-ms="0" status="PASS">
          <reporter-output>
          </reporter-output>
        </test-method> <!-- setVariableEmpty -->
        <test-method signature="conReqField()[pri:4, instance:com.zaigo.reactui.CreateUserTestCases@27f981c6]" started-at="2022-08-30T15:15:37 IST" name="conReqField" finished-at="2022-08-30T15:15:40 IST" duration-ms="2648" status="PASS">
          <reporter-output>
          </reporter-output>
        </test-method> <!-- conReqField -->
        <test-method signature="reqOrganization()[pri:5, instance:com.zaigo.reactui.CreateUserTestCases@27f981c6]" started-at="2022-08-30T15:15:40 IST" name="reqOrganization" finished-at="2022-08-30T15:15:45 IST" duration-ms="4529" status="PASS">
          <reporter-output>
          </reporter-output>
        </test-method> <!-- reqOrganization -->
        <test-method is-config="true" signature="setVariableEmpty()[pri:0, instance:com.zaigo.reactui.CreateUserTestCases@27f981c6]" started-at="2022-08-30T15:15:40 IST" name="setVariableEmpty" finished-at="2022-08-30T15:15:40 IST" duration-ms="0" status="PASS">
          <reporter-output>
          </reporter-output>
        </test-method> <!-- setVariableEmpty -->
        <test-method is-config="true" signature="setVariableEmpty()[pri:0, instance:com.zaigo.reactui.CreateUserTestCases@27f981c6]" started-at="2022-08-30T15:15:45 IST" name="setVariableEmpty" finished-at="2022-08-30T15:15:45 IST" duration-ms="0" status="PASS">
          <reporter-output>
          </reporter-output>
        </test-method> <!-- setVariableEmpty -->
        <test-method signature="manditoryField()[pri:6, instance:com.zaigo.reactui.CreateUserTestCases@27f981c6]" started-at="2022-08-30T15:15:45 IST" name="manditoryField" finished-at="2022-08-30T15:15:51 IST" duration-ms="6600" status="PASS">
          <reporter-output>
          </reporter-output>
        </test-method> <!-- manditoryField -->
        <test-method is-config="true" signature="setVariableEmpty()[pri:0, instance:com.zaigo.reactui.CreateUserTestCases@27f981c6]" started-at="2022-08-30T15:15:51 IST" name="setVariableEmpty" finished-at="2022-08-30T15:15:51 IST" duration-ms="0" status="PASS">
          <reporter-output>
          </reporter-output>
        </test-method> <!-- setVariableEmpty -->
        <test-method signature="inputUserLocationFieldReq()[pri:7, instance:com.zaigo.reactui.CreateUserTestCases@27f981c6]" started-at="2022-08-30T15:15:51 IST" name="inputUserLocationFieldReq" finished-at="2022-08-30T15:15:55 IST" duration-ms="4322" status="PASS">
          <reporter-output>
          </reporter-output>
        </test-method> <!-- inputUserLocationFieldReq -->
        <test-method signature="conManditoryField()[pri:8, instance:com.zaigo.reactui.CreateUserTestCases@27f981c6]" started-at="2022-08-30T15:15:55 IST" name="conManditoryField" finished-at="2022-08-30T15:15:56 IST" duration-ms="340" status="PASS">
          <reporter-output>
          </reporter-output>
        </test-method> <!-- conManditoryField -->
        <test-method is-config="true" signature="setVariableEmpty()[pri:0, instance:com.zaigo.reactui.CreateUserTestCases@27f981c6]" started-at="2022-08-30T15:15:55 IST" name="setVariableEmpty" finished-at="2022-08-30T15:15:55 IST" duration-ms="0" status="PASS">
          <reporter-output>
          </reporter-output>
        </test-method> <!-- setVariableEmpty -->
        <test-method signature="inputContractorLocationFieldReq()[pri:9, instance:com.zaigo.reactui.CreateUserTestCases@27f981c6]" started-at="2022-08-30T15:15:56 IST" name="inputContractorLocationFieldReq" finished-at="2022-08-30T15:16:00 IST" duration-ms="4309" status="PASS">
          <reporter-output>
          </reporter-output>
        </test-method> <!-- inputContractorLocationFieldReq -->
        <test-method is-config="true" signature="setVariableEmpty()[pri:0, instance:com.zaigo.reactui.CreateUserTestCases@27f981c6]" started-at="2022-08-30T15:15:56 IST" name="setVariableEmpty" finished-at="2022-08-30T15:15:56 IST" duration-ms="0" status="PASS">
          <reporter-output>
          </reporter-output>
        </test-method> <!-- setVariableEmpty -->
        <test-method is-config="true" signature="setVariableEmpty()[pri:0, instance:com.zaigo.reactui.CreateUserTestCases@27f981c6]" started-at="2022-08-30T15:16:00 IST" name="setVariableEmpty" finished-at="2022-08-30T15:16:00 IST" duration-ms="0" status="PASS">
          <reporter-output>
          </reporter-output>
        </test-method> <!-- setVariableEmpty -->
        <test-method signature="UserModule()[pri:10, instance:com.zaigo.reactui.CreateUserTestCases@27f981c6]" started-at="2022-08-30T15:16:00 IST" name="UserModule" finished-at="2022-08-30T15:16:15 IST" duration-ms="14448" status="PASS">
          <reporter-output>
          </reporter-output>
        </test-method> <!-- UserModule -->
        <test-method is-config="true" signature="setVariableEmpty()[pri:0, instance:com.zaigo.reactui.CreateUserTestCases@27f981c6]" started-at="2022-08-30T15:16:15 IST" name="setVariableEmpty" finished-at="2022-08-30T15:16:15 IST" duration-ms="0" status="PASS">
          <reporter-output>
          </reporter-output>
        </test-method> <!-- setVariableEmpty -->
        <test-method signature="listValidate()[pri:11, instance:com.zaigo.reactui.CreateUserTestCases@27f981c6]" started-at="2022-08-30T15:16:15 IST" name="listValidate" finished-at="2022-08-30T15:16:17 IST" duration-ms="2112" status="PASS">
          <reporter-output>
          </reporter-output>
        </test-method> <!-- listValidate -->
        <test-method signature="searchValidate()[pri:12, instance:com.zaigo.reactui.CreateUserTestCases@27f981c6]" started-at="2022-08-30T15:16:17 IST" name="searchValidate" finished-at="2022-08-30T15:16:23 IST" duration-ms="6527" status="PASS">
          <reporter-output>
          </reporter-output>
        </test-method> <!-- searchValidate -->
        <test-method is-config="true" signature="setVariableEmpty()[pri:0, instance:com.zaigo.reactui.CreateUserTestCases@27f981c6]" started-at="2022-08-30T15:16:17 IST" name="setVariableEmpty" finished-at="2022-08-30T15:16:17 IST" duration-ms="0" status="PASS">
          <reporter-output>
          </reporter-output>
        </test-method> <!-- setVariableEmpty -->
        <test-method is-config="true" signature="setVariableEmpty()[pri:0, instance:com.zaigo.reactui.CreateUserTestCases@27f981c6]" started-at="2022-08-30T15:16:23 IST" name="setVariableEmpty" finished-at="2022-08-30T15:16:23 IST" duration-ms="0" status="PASS">
          <reporter-output>
          </reporter-output>
        </test-method> <!-- setVariableEmpty -->
        <test-method signature="invalidSearch()[pri:13, instance:com.zaigo.reactui.CreateUserTestCases@27f981c6]" started-at="2022-08-30T15:16:23 IST" name="invalidSearch" finished-at="2022-08-30T15:16:29 IST" duration-ms="5867" status="PASS">
          <reporter-output>
          </reporter-output>
        </test-method> <!-- invalidSearch -->
        <test-method signature="conDatas()[pri:14, instance:com.zaigo.reactui.CreateUserTestCases@27f981c6]" started-at="2022-08-30T15:16:29 IST" name="conDatas" finished-at="2022-08-30T15:16:40 IST" duration-ms="10769" status="PASS">
          <reporter-output>
          </reporter-output>
        </test-method> <!-- conDatas -->
        <test-method is-config="true" signature="setVariableEmpty()[pri:0, instance:com.zaigo.reactui.CreateUserTestCases@27f981c6]" started-at="2022-08-30T15:16:29 IST" name="setVariableEmpty" finished-at="2022-08-30T15:16:29 IST" duration-ms="0" status="PASS">
          <reporter-output>
          </reporter-output>
        </test-method> <!-- setVariableEmpty -->
        <test-method is-config="true" signature="setVariableEmpty()[pri:0, instance:com.zaigo.reactui.CreateUserTestCases@27f981c6]" started-at="2022-08-30T15:16:40 IST" name="setVariableEmpty" finished-at="2022-08-30T15:16:40 IST" duration-ms="0" status="PASS">
          <reporter-output>
          </reporter-output>
        </test-method> <!-- setVariableEmpty -->
        <test-method signature="alreadyExistData()[pri:15, instance:com.zaigo.reactui.CreateUserTestCases@27f981c6]" started-at="2022-08-30T15:16:40 IST" name="alreadyExistData" finished-at="2022-08-30T15:16:47 IST" duration-ms="6881" status="PASS">
          <reporter-output>
          </reporter-output>
        </test-method> <!-- alreadyExistData -->
        <test-method signature="contractExistingData()[pri:16, instance:com.zaigo.reactui.CreateUserTestCases@27f981c6]" started-at="2022-08-30T15:16:47 IST" name="contractExistingData" finished-at="2022-08-30T15:17:10 IST" duration-ms="22854" status="PASS">
          <reporter-output>
          </reporter-output>
        </test-method> <!-- contractExistingData -->
        <test-method is-config="true" signature="setVariableEmpty()[pri:0, instance:com.zaigo.reactui.CreateUserTestCases@27f981c6]" started-at="2022-08-30T15:16:47 IST" name="setVariableEmpty" finished-at="2022-08-30T15:16:47 IST" duration-ms="0" status="PASS">
          <reporter-output>
          </reporter-output>
        </test-method> <!-- setVariableEmpty -->
        <test-method is-config="true" signature="setVariableEmpty()[pri:0, instance:com.zaigo.reactui.CreateUserTestCases@27f981c6]" started-at="2022-08-30T15:17:10 IST" name="setVariableEmpty" finished-at="2022-08-30T15:17:10 IST" duration-ms="0" status="PASS">
          <reporter-output>
          </reporter-output>
        </test-method> <!-- setVariableEmpty -->
        <test-method is-config="true" signature="exitBrowser()[pri:0, instance:com.zaigo.reactui.CreateUserTestCases@27f981c6]" started-at="2022-08-30T15:17:10 IST" name="exitBrowser" finished-at="2022-08-30T15:17:10 IST" duration-ms="187" status="PASS">
          <reporter-output>
          </reporter-output>
        </test-method> <!-- exitBrowser -->
      </class> <!-- com.zaigo.reactui.CreateUserTestCases -->
      <class name="com.zaigo.reactui.LoginTestCases">
        <test-method is-config="true" signature="setup()[pri:0, instance:com.zaigo.reactui.LoginTestCases@82de64a]" started-at="2022-08-30T15:13:29 IST" name="setup" finished-at="2022-08-30T15:13:30 IST" duration-ms="1610" status="PASS">
          <reporter-output>
          </reporter-output>
        </test-method> <!-- setup -->
        <test-method signature="verifyEmptyEmail()[pri:1, instance:com.zaigo.reactui.LoginTestCases@82de64a]" started-at="2022-08-30T15:13:30 IST" name="verifyEmptyEmail" finished-at="2022-08-30T15:13:32 IST" duration-ms="1728" status="PASS">
          <reporter-output>
          </reporter-output>
        </test-method> <!-- verifyEmptyEmail -->
        <test-method signature="verifyEmptyPassword()[pri:2, instance:com.zaigo.reactui.LoginTestCases@82de64a]" started-at="2022-08-30T15:13:32 IST" name="verifyEmptyPassword" finished-at="2022-08-30T15:13:34 IST" duration-ms="2220" status="PASS">
          <reporter-output>
          </reporter-output>
        </test-method> <!-- verifyEmptyPassword -->
        <test-method signature="verifyIncorrectMail()[pri:3, instance:com.zaigo.reactui.LoginTestCases@82de64a]" started-at="2022-08-30T15:13:34 IST" name="verifyIncorrectMail" finished-at="2022-08-30T15:13:36 IST" duration-ms="1597" status="PASS">
          <reporter-output>
          </reporter-output>
        </test-method> <!-- verifyIncorrectMail -->
        <test-method signature="verifyIncorrectPassword()[pri:4, instance:com.zaigo.reactui.LoginTestCases@82de64a]" started-at="2022-08-30T15:13:36 IST" name="verifyIncorrectPassword" finished-at="2022-08-30T15:13:39 IST" duration-ms="2647" status="PASS">
          <reporter-output>
          </reporter-output>
        </test-method> <!-- verifyIncorrectPassword -->
        <test-method signature="verifyInvalidEmail()[pri:5, instance:com.zaigo.reactui.LoginTestCases@82de64a]" started-at="2022-08-30T15:13:39 IST" name="verifyInvalidEmail" finished-at="2022-08-30T15:13:40 IST" duration-ms="1629" status="PASS">
          <reporter-output>
          </reporter-output>
        </test-method> <!-- verifyInvalidEmail -->
        <test-method signature="verifyInvalidPassword()[pri:6, instance:com.zaigo.reactui.LoginTestCases@82de64a]" started-at="2022-08-30T15:13:40 IST" name="verifyInvalidPassword" finished-at="2022-08-30T15:13:42 IST" duration-ms="1714" status="PASS">
          <reporter-output>
          </reporter-output>
        </test-method> <!-- verifyInvalidPassword -->
        <test-method signature="verifyInvalidCredentials()[pri:7, instance:com.zaigo.reactui.LoginTestCases@82de64a]" started-at="2022-08-30T15:13:42 IST" name="verifyInvalidCredentials" finished-at="2022-08-30T15:13:45 IST" duration-ms="2800" status="PASS">
          <reporter-output>
          </reporter-output>
        </test-method> <!-- verifyInvalidCredentials -->
        <test-method signature="verify()[pri:8, instance:com.zaigo.reactui.LoginTestCases@82de64a]" started-at="2022-08-30T15:13:45 IST" name="verify" finished-at="2022-08-30T15:13:56 IST" duration-ms="11477" status="PASS">
          <reporter-output>
          </reporter-output>
        </test-method> <!-- verify -->
        <test-method is-config="true" signature="exitBrowser()[pri:0, instance:com.zaigo.reactui.LoginTestCases@82de64a]" started-at="2022-08-30T15:13:56 IST" name="exitBrowser" finished-at="2022-08-30T15:13:56 IST" duration-ms="183" status="PASS">
          <reporter-output>
          </reporter-output>
        </test-method> <!-- exitBrowser -->
      </class> <!-- com.zaigo.reactui.LoginTestCases -->
      <class name="com.zaigo.reactui.EditUserTestCases">
        <test-method is-config="true" signature="setup()[pri:0, instance:com.zaigo.reactui.EditUserTestCases@2dc54ad4]" started-at="2022-08-30T15:18:35 IST" name="setup" finished-at="2022-08-30T15:18:35 IST" duration-ms="783" status="PASS">
          <reporter-output>
          </reporter-output>
        </test-method> <!-- setup -->
        <test-method signature="loginPage()[pri:1, instance:com.zaigo.reactui.EditUserTestCases@2dc54ad4]" started-at="2022-08-30T15:18:35 IST" name="loginPage" finished-at="2022-08-30T15:18:40 IST" duration-ms="4281" status="PASS">
          <reporter-output>
          </reporter-output>
        </test-method> <!-- loginPage -->
        <test-method signature="modulePage()[pri:2, instance:com.zaigo.reactui.EditUserTestCases@2dc54ad4]" started-at="2022-08-30T15:18:40 IST" name="modulePage" finished-at="2022-08-30T15:19:02 IST" duration-ms="22391" status="PASS">
          <reporter-output>
          </reporter-output>
        </test-method> <!-- modulePage -->
        <test-method is-config="true" signature="setVariableEmpty()[pri:0, instance:com.zaigo.reactui.EditUserTestCases@2dc54ad4]" started-at="2022-08-30T15:18:40 IST" name="setVariableEmpty" finished-at="2022-08-30T15:18:40 IST" duration-ms="0" status="PASS">
          <reporter-output>
          </reporter-output>
        </test-method> <!-- setVariableEmpty -->
        <test-method is-config="true" signature="setVariableEmpty()[pri:0, instance:com.zaigo.reactui.EditUserTestCases@2dc54ad4]" started-at="2022-08-30T15:19:02 IST" name="setVariableEmpty" finished-at="2022-08-30T15:19:02 IST" duration-ms="0" status="PASS">
          <reporter-output>
          </reporter-output>
        </test-method> <!-- setVariableEmpty -->
        <test-method signature="editFunctionality()[pri:3, instance:com.zaigo.reactui.EditUserTestCases@2dc54ad4]" started-at="2022-08-30T15:19:02 IST" name="editFunctionality" finished-at="2022-08-30T15:19:08 IST" duration-ms="6006" status="PASS">
          <reporter-output>
          </reporter-output>
        </test-method> <!-- editFunctionality -->
        <test-method signature="updateContent()[pri:4, instance:com.zaigo.reactui.EditUserTestCases@2dc54ad4]" started-at="2022-08-30T15:19:08 IST" name="updateContent" finished-at="2022-08-30T15:19:15 IST" duration-ms="7380" status="PASS">
          <reporter-output>
          </reporter-output>
        </test-method> <!-- updateContent -->
        <test-method is-config="true" signature="setVariableEmpty()[pri:0, instance:com.zaigo.reactui.EditUserTestCases@2dc54ad4]" started-at="2022-08-30T15:19:08 IST" name="setVariableEmpty" finished-at="2022-08-30T15:19:08 IST" duration-ms="0" status="PASS">
          <reporter-output>
          </reporter-output>
        </test-method> <!-- setVariableEmpty -->
        <test-method is-config="true" signature="setVariableEmpty()[pri:0, instance:com.zaigo.reactui.EditUserTestCases@2dc54ad4]" started-at="2022-08-30T15:19:15 IST" name="setVariableEmpty" finished-at="2022-08-30T15:19:15 IST" duration-ms="0" status="PASS">
          <reporter-output>
          </reporter-output>
        </test-method> <!-- setVariableEmpty -->
        <test-method signature="deleteList()[pri:5, instance:com.zaigo.reactui.EditUserTestCases@2dc54ad4]" started-at="2022-08-30T15:19:15 IST" name="deleteList" finished-at="2022-08-30T15:19:18 IST" duration-ms="2440" status="PASS">
          <reporter-output>
          </reporter-output>
        </test-method> <!-- deleteList -->
        <test-method is-config="true" signature="setVariableEmpty()[pri:0, instance:com.zaigo.reactui.EditUserTestCases@2dc54ad4]" started-at="2022-08-30T15:19:18 IST" name="setVariableEmpty" finished-at="2022-08-30T15:19:18 IST" duration-ms="0" status="PASS">
          <reporter-output>
          </reporter-output>
        </test-method> <!-- setVariableEmpty -->
        <test-method is-config="true" signature="exitBrowser()[pri:0, instance:com.zaigo.reactui.EditUserTestCases@2dc54ad4]" started-at="2022-08-30T15:19:18 IST" name="exitBrowser" finished-at="2022-08-30T15:19:18 IST" duration-ms="165" status="PASS">
          <reporter-output>
          </reporter-output>
        </test-method> <!-- exitBrowser -->
      </class> <!-- com.zaigo.reactui.EditUserTestCases -->
      <class name="com.zaigo.reactui.CreateContractorTestCases">
        <test-method is-config="true" signature="setup()[pri:0, instance:com.zaigo.reactui.CreateContractorTestCases@4b8ee4de]" started-at="2022-08-30T15:14:25 IST" name="setup" finished-at="2022-08-30T15:14:26 IST" duration-ms="880" status="PASS">
          <reporter-output>
          </reporter-output>
        </test-method> <!-- setup -->
        <test-method signature="verifyContractorTab()[pri:1, instance:com.zaigo.reactui.CreateContractorTestCases@4b8ee4de]" started-at="2022-08-30T15:14:26 IST" name="verifyContractorTab" finished-at="2022-08-30T15:14:53 IST" duration-ms="26745" status="PASS">
          <reporter-output>
          </reporter-output>
        </test-method> <!-- verifyContractorTab -->
        <test-method is-config="true" signature="setVariableEmpty()[pri:0, instance:com.zaigo.reactui.CreateContractorTestCases@4b8ee4de]" started-at="2022-08-30T15:14:53 IST" name="setVariableEmpty" finished-at="2022-08-30T15:14:53 IST" duration-ms="1" status="PASS">
          <reporter-output>
          </reporter-output>
        </test-method> <!-- setVariableEmpty -->
        <test-method signature="verifyContractorNameMandatory()[pri:2, instance:com.zaigo.reactui.CreateContractorTestCases@4b8ee4de]" started-at="2022-08-30T15:14:53 IST" name="verifyContractorNameMandatory" finished-at="2022-08-30T15:14:55 IST" duration-ms="2114" status="PASS">
          <reporter-output>
          </reporter-output>
        </test-method> <!-- verifyContractorNameMandatory -->
        <test-method signature="verifyContractorEmailFormat()[pri:3, instance:com.zaigo.reactui.CreateContractorTestCases@4b8ee4de]" started-at="2022-08-30T15:14:55 IST" name="verifyContractorEmailFormat" finished-at="2022-08-30T15:14:55 IST" duration-ms="260" status="PASS">
          <reporter-output>
          </reporter-output>
        </test-method> <!-- verifyContractorEmailFormat -->
        <test-method is-config="true" signature="setVariableEmpty()[pri:0, instance:com.zaigo.reactui.CreateContractorTestCases@4b8ee4de]" started-at="2022-08-30T15:14:55 IST" name="setVariableEmpty" finished-at="2022-08-30T15:14:55 IST" duration-ms="0" status="PASS">
          <reporter-output>
          </reporter-output>
        </test-method> <!-- setVariableEmpty -->
        <test-method is-config="true" signature="setVariableEmpty()[pri:0, instance:com.zaigo.reactui.CreateContractorTestCases@4b8ee4de]" started-at="2022-08-30T15:14:55 IST" name="setVariableEmpty" finished-at="2022-08-30T15:14:55 IST" duration-ms="0" status="PASS">
          <reporter-output>
          </reporter-output>
        </test-method> <!-- setVariableEmpty -->
        <test-method signature="verifyContractorNumberMinValidation()[pri:4, instance:com.zaigo.reactui.CreateContractorTestCases@4b8ee4de]" started-at="2022-08-30T15:14:55 IST" name="verifyContractorNumberMinValidation" finished-at="2022-08-30T15:14:55 IST" duration-ms="255" status="PASS">
          <reporter-output>
          </reporter-output>
        </test-method> <!-- verifyContractorNumberMinValidation -->
        <test-method is-config="true" signature="setVariableEmpty()[pri:0, instance:com.zaigo.reactui.CreateContractorTestCases@4b8ee4de]" started-at="2022-08-30T15:14:55 IST" name="setVariableEmpty" finished-at="2022-08-30T15:14:55 IST" duration-ms="0" status="PASS">
          <reporter-output>
          </reporter-output>
        </test-method> <!-- setVariableEmpty -->
        <test-method signature="verifyContractorNumberMaxValidation()[pri:5, instance:com.zaigo.reactui.CreateContractorTestCases@4b8ee4de]" started-at="2022-08-30T15:14:55 IST" name="verifyContractorNumberMaxValidation" finished-at="2022-08-30T15:14:56 IST" duration-ms="171" status="PASS">
          <reporter-output>
          </reporter-output>
        </test-method> <!-- verifyContractorNumberMaxValidation -->
        <test-method signature="verifyFaxMinValidation()[pri:6, instance:com.zaigo.reactui.CreateContractorTestCases@4b8ee4de]" started-at="2022-08-30T15:14:56 IST" name="verifyFaxMinValidation" finished-at="2022-08-30T15:14:56 IST" duration-ms="182" status="PASS">
          <reporter-output>
          </reporter-output>
        </test-method> <!-- verifyFaxMinValidation -->
        <test-method is-config="true" signature="setVariableEmpty()[pri:0, instance:com.zaigo.reactui.CreateContractorTestCases@4b8ee4de]" started-at="2022-08-30T15:14:56 IST" name="setVariableEmpty" finished-at="2022-08-30T15:14:56 IST" duration-ms="0" status="PASS">
          <reporter-output>
          </reporter-output>
        </test-method> <!-- setVariableEmpty -->
        <test-method is-config="true" signature="setVariableEmpty()[pri:0, instance:com.zaigo.reactui.CreateContractorTestCases@4b8ee4de]" started-at="2022-08-30T15:14:56 IST" name="setVariableEmpty" finished-at="2022-08-30T15:14:56 IST" duration-ms="0" status="PASS">
          <reporter-output>
          </reporter-output>
        </test-method> <!-- setVariableEmpty -->
        <test-method signature="verifyFaxMaxValidation()[pri:7, instance:com.zaigo.reactui.CreateContractorTestCases@4b8ee4de]" started-at="2022-08-30T15:14:56 IST" name="verifyFaxMaxValidation" finished-at="2022-08-30T15:14:56 IST" duration-ms="293" status="PASS">
          <reporter-output>
          </reporter-output>
        </test-method> <!-- verifyFaxMaxValidation -->
        <test-method signature="verifyCpersonMaxValidation()[pri:8, instance:com.zaigo.reactui.CreateContractorTestCases@4b8ee4de]" started-at="2022-08-30T15:14:56 IST" name="verifyCpersonMaxValidation" finished-at="2022-08-30T15:14:57 IST" duration-ms="1253" status="PASS">
          <reporter-output>
          </reporter-output>
        </test-method> <!-- verifyCpersonMaxValidation -->
        <test-method is-config="true" signature="setVariableEmpty()[pri:0, instance:com.zaigo.reactui.CreateContractorTestCases@4b8ee4de]" started-at="2022-08-30T15:14:56 IST" name="setVariableEmpty" finished-at="2022-08-30T15:14:56 IST" duration-ms="0" status="PASS">
          <reporter-output>
          </reporter-output>
        </test-method> <!-- setVariableEmpty -->
        <test-method is-config="true" signature="setVariableEmpty()[pri:0, instance:com.zaigo.reactui.CreateContractorTestCases@4b8ee4de]" started-at="2022-08-30T15:14:57 IST" name="setVariableEmpty" finished-at="2022-08-30T15:14:57 IST" duration-ms="0" status="PASS">
          <reporter-output>
          </reporter-output>
        </test-method> <!-- setVariableEmpty -->
        <test-method signature="clearFields()[pri:9, instance:com.zaigo.reactui.CreateContractorTestCases@4b8ee4de]" started-at="2022-08-30T15:14:57 IST" name="clearFields" finished-at="2022-08-30T15:15:09 IST" duration-ms="11699" status="PASS">
          <reporter-output>
          </reporter-output>
        </test-method> <!-- clearFields -->
        <test-method is-config="true" signature="setVariableEmpty()[pri:0, instance:com.zaigo.reactui.CreateContractorTestCases@4b8ee4de]" started-at="2022-08-30T15:15:09 IST" name="setVariableEmpty" finished-at="2022-08-30T15:15:09 IST" duration-ms="0" status="PASS">
          <reporter-output>
          </reporter-output>
        </test-method> <!-- setVariableEmpty -->
        <test-method signature="verifySaveButtonExist()[pri:10, instance:com.zaigo.reactui.CreateContractorTestCases@4b8ee4de]" started-at="2022-08-30T15:15:09 IST" name="verifySaveButtonExist" finished-at="2022-08-30T15:15:09 IST" duration-ms="40" status="PASS">
          <reporter-output>
          </reporter-output>
        </test-method> <!-- verifySaveButtonExist -->
        <test-method is-config="true" signature="setVariableEmpty()[pri:0, instance:com.zaigo.reactui.CreateContractorTestCases@4b8ee4de]" started-at="2022-08-30T15:15:09 IST" name="setVariableEmpty" finished-at="2022-08-30T15:15:09 IST" duration-ms="0" status="PASS">
          <reporter-output>
          </reporter-output>
        </test-method> <!-- setVariableEmpty -->
        <test-method signature="createContract()[pri:11, instance:com.zaigo.reactui.CreateContractorTestCases@4b8ee4de]" started-at="2022-08-30T15:15:09 IST" name="createContract" finished-at="2022-08-30T15:15:12 IST" duration-ms="2893" status="PASS">
          <reporter-output>
          </reporter-output>
        </test-method> <!-- createContract -->
        <test-method is-config="true" signature="setVariableEmpty()[pri:0, instance:com.zaigo.reactui.CreateContractorTestCases@4b8ee4de]" started-at="2022-08-30T15:15:12 IST" name="setVariableEmpty" finished-at="2022-08-30T15:15:12 IST" duration-ms="0" status="PASS">
          <reporter-output>
          </reporter-output>
        </test-method> <!-- setVariableEmpty -->
        <test-method signature="listValidationName()[pri:12, instance:com.zaigo.reactui.CreateContractorTestCases@4b8ee4de]" started-at="2022-08-30T15:15:12 IST" name="listValidationName" finished-at="2022-08-30T15:15:12 IST" duration-ms="557" status="PASS">
          <reporter-output>
          </reporter-output>
        </test-method> <!-- listValidationName -->
        <test-method is-config="true" signature="setVariableEmpty()[pri:0, instance:com.zaigo.reactui.CreateContractorTestCases@4b8ee4de]" started-at="2022-08-30T15:15:12 IST" name="setVariableEmpty" finished-at="2022-08-30T15:15:12 IST" duration-ms="0" status="PASS">
          <reporter-output>
          </reporter-output>
        </test-method> <!-- setVariableEmpty -->
        <test-method signature="invalidValidationData()[pri:13, instance:com.zaigo.reactui.CreateContractorTestCases@4b8ee4de]" started-at="2022-08-30T15:15:12 IST" name="invalidValidationData" finished-at="2022-08-30T15:15:15 IST" duration-ms="2210" status="PASS">
          <reporter-output>
          </reporter-output>
        </test-method> <!-- invalidValidationData -->
        <test-method is-config="true" signature="exitBrowser()[pri:0, instance:com.zaigo.reactui.CreateContractorTestCases@4b8ee4de]" started-at="2022-08-30T15:15:15 IST" name="exitBrowser" finished-at="2022-08-30T15:15:15 IST" duration-ms="171" status="PASS">
          <reporter-output>
          </reporter-output>
        </test-method> <!-- exitBrowser -->
        <test-method is-config="true" signature="setVariableEmpty()[pri:0, instance:com.zaigo.reactui.CreateContractorTestCases@4b8ee4de]" started-at="2022-08-30T15:15:15 IST" name="setVariableEmpty" finished-at="2022-08-30T15:15:15 IST" duration-ms="0" status="PASS">
          <reporter-output>
          </reporter-output>
        </test-method> <!-- setVariableEmpty -->
      </class> <!-- com.zaigo.reactui.CreateContractorTestCases -->
      <class name="com.zaigo.reactui.EditContractorCompaniesTestCases">
        <test-method is-config="true" signature="setup()[pri:0, instance:com.zaigo.reactui.EditContractorCompaniesTestCases@1151e434]" started-at="2022-08-30T15:17:59 IST" name="setup" finished-at="2022-08-30T15:18:00 IST" duration-ms="803" status="PASS">
          <reporter-output>
          </reporter-output>
        </test-method> <!-- setup -->
        <test-method signature="loginPage()[pri:0, instance:com.zaigo.reactui.EditContractorCompaniesTestCases@1151e434]" started-at="2022-08-30T15:18:00 IST" name="loginPage" finished-at="2022-08-30T15:18:02 IST" duration-ms="2062" status="PASS">
          <reporter-output>
          </reporter-output>
        </test-method> <!-- loginPage -->
        <test-method is-config="true" signature="setVariableEmpty()[pri:0, instance:com.zaigo.reactui.EditContractorCompaniesTestCases@1151e434]" started-at="2022-08-30T15:18:02 IST" name="setVariableEmpty" finished-at="2022-08-30T15:18:02 IST" duration-ms="0" status="PASS">
          <reporter-output>
          </reporter-output>
        </test-method> <!-- setVariableEmpty -->
        <test-method signature="userModuleField()[pri:1, instance:com.zaigo.reactui.EditContractorCompaniesTestCases@1151e434]" started-at="2022-08-30T15:18:02 IST" name="userModuleField" finished-at="2022-08-30T15:18:25 IST" duration-ms="23712" status="PASS">
          <reporter-output>
          </reporter-output>
        </test-method> <!-- userModuleField -->
        <test-method signature="editField()[pri:3, instance:com.zaigo.reactui.EditContractorCompaniesTestCases@1151e434]" started-at="2022-08-30T15:18:25 IST" name="editField" finished-at="2022-08-30T15:18:27 IST" duration-ms="1863" status="PASS">
          <reporter-output>
          </reporter-output>
        </test-method> <!-- editField -->
        <test-method is-config="true" signature="setVariableEmpty()[pri:0, instance:com.zaigo.reactui.EditContractorCompaniesTestCases@1151e434]" started-at="2022-08-30T15:18:25 IST" name="setVariableEmpty" finished-at="2022-08-30T15:18:25 IST" duration-ms="0" status="PASS">
          <reporter-output>
          </reporter-output>
        </test-method> <!-- setVariableEmpty -->
        <test-method is-config="true" signature="setVariableEmpty()[pri:0, instance:com.zaigo.reactui.EditContractorCompaniesTestCases@1151e434]" started-at="2022-08-30T15:18:27 IST" name="setVariableEmpty" finished-at="2022-08-30T15:18:27 IST" duration-ms="0" status="PASS">
          <reporter-output>
          </reporter-output>
        </test-method> <!-- setVariableEmpty -->
        <test-method signature="editName()[pri:4, instance:com.zaigo.reactui.EditContractorCompaniesTestCases@1151e434]" started-at="2022-08-30T15:18:27 IST" name="editName" finished-at="2022-08-30T15:18:31 IST" duration-ms="4082" status="PASS">
          <reporter-output>
          </reporter-output>
        </test-method> <!-- editName -->
        <test-method is-config="true" signature="setVariableEmpty()[pri:0, instance:com.zaigo.reactui.EditContractorCompaniesTestCases@1151e434]" started-at="2022-08-30T15:18:31 IST" name="setVariableEmpty" finished-at="2022-08-30T15:18:31 IST" duration-ms="0" status="PASS">
          <reporter-output>
          </reporter-output>
        </test-method> <!-- setVariableEmpty -->
        <test-method signature="deleteField()[pri:5, instance:com.zaigo.reactui.EditContractorCompaniesTestCases@1151e434]" started-at="2022-08-30T15:18:31 IST" name="deleteField" finished-at="2022-08-30T15:18:34 IST" duration-ms="3012" status="PASS">
          <reporter-output>
          </reporter-output>
        </test-method> <!-- deleteField -->
        <test-method is-config="true" signature="setVariableEmpty()[pri:0, instance:com.zaigo.reactui.EditContractorCompaniesTestCases@1151e434]" started-at="2022-08-30T15:18:34 IST" name="setVariableEmpty" finished-at="2022-08-30T15:18:34 IST" duration-ms="0" status="PASS">
          <reporter-output>
          </reporter-output>
        </test-method> <!-- setVariableEmpty -->
        <test-method is-config="true" signature="exitBrowser()[pri:0, instance:com.zaigo.reactui.EditContractorCompaniesTestCases@1151e434]" started-at="2022-08-30T15:18:34 IST" name="exitBrowser" finished-at="2022-08-30T15:18:35 IST" duration-ms="166" status="PASS">
          <reporter-output>
          </reporter-output>
        </test-method> <!-- exitBrowser -->
      </class> <!-- com.zaigo.reactui.EditContractorCompaniesTestCases -->
      <class name="com.zaigo.reactui.EditDetailScreenCompaniesTestCases">
        <test-method is-config="true" signature="setup()[pri:0, instance:com.zaigo.reactui.EditDetailScreenCompaniesTestCases@47d9a273]" started-at="2022-08-30T15:13:56 IST" name="setup" finished-at="2022-08-30T15:13:57 IST" duration-ms="783" status="PASS">
          <reporter-output>
          </reporter-output>
        </test-method> <!-- setup -->
        <test-method signature="loginPage()[pri:0, instance:com.zaigo.reactui.EditDetailScreenCompaniesTestCases@47d9a273]" started-at="2022-08-30T15:13:57 IST" name="loginPage" finished-at="2022-08-30T15:14:00 IST" duration-ms="2705" status="PASS">
          <reporter-output>
          </reporter-output>
        </test-method> <!-- loginPage -->
        <test-method is-config="true" signature="setVariableEmpty()[pri:0, instance:com.zaigo.reactui.EditDetailScreenCompaniesTestCases@47d9a273]" started-at="2022-08-30T15:14:00 IST" name="setVariableEmpty" finished-at="2022-08-30T15:14:00 IST" duration-ms="0" status="PASS">
          <reporter-output>
          </reporter-output>
        </test-method> <!-- setVariableEmpty -->
        <test-method signature="teamModule()[pri:1, instance:com.zaigo.reactui.EditDetailScreenCompaniesTestCases@47d9a273]" started-at="2022-08-30T15:14:00 IST" name="teamModule" finished-at="2022-08-30T15:14:17 IST" duration-ms="17023" status="PASS">
          <reporter-output>
          </reporter-output>
        </test-method> <!-- teamModule -->
        <test-method signature="edit()[pri:2, instance:com.zaigo.reactui.EditDetailScreenCompaniesTestCases@47d9a273]" started-at="2022-08-30T15:14:17 IST" name="edit" finished-at="2022-08-30T15:14:20 IST" duration-ms="2648" status="PASS">
          <reporter-output>
          </reporter-output>
        </test-method> <!-- edit -->
        <test-method is-config="true" signature="setVariableEmpty()[pri:0, instance:com.zaigo.reactui.EditDetailScreenCompaniesTestCases@47d9a273]" started-at="2022-08-30T15:14:17 IST" name="setVariableEmpty" finished-at="2022-08-30T15:14:17 IST" duration-ms="0" status="PASS">
          <reporter-output>
          </reporter-output>
        </test-method> <!-- setVariableEmpty -->
        <test-method is-config="true" signature="setVariableEmpty()[pri:0, instance:com.zaigo.reactui.EditDetailScreenCompaniesTestCases@47d9a273]" started-at="2022-08-30T15:14:20 IST" name="setVariableEmpty" finished-at="2022-08-30T15:14:20 IST" duration-ms="0" status="PASS">
          <reporter-output>
          </reporter-output>
        </test-method> <!-- setVariableEmpty -->
        <test-method signature="addLocation()[pri:3, instance:com.zaigo.reactui.EditDetailScreenCompaniesTestCases@47d9a273]" started-at="2022-08-30T15:14:20 IST" name="addLocation" finished-at="2022-08-30T15:14:23 IST" duration-ms="3541" status="PASS">
          <reporter-output>
          </reporter-output>
        </test-method> <!-- addLocation -->
        <test-method signature="deleteLocation()[pri:4, instance:com.zaigo.reactui.EditDetailScreenCompaniesTestCases@47d9a273]" started-at="2022-08-30T15:14:23 IST" name="deleteLocation" finished-at="2022-08-30T15:14:25 IST" duration-ms="1880" status="PASS">
          <reporter-output>
          </reporter-output>
        </test-method> <!-- deleteLocation -->
        <test-method is-config="true" signature="setVariableEmpty()[pri:0, instance:com.zaigo.reactui.EditDetailScreenCompaniesTestCases@47d9a273]" started-at="2022-08-30T15:14:23 IST" name="setVariableEmpty" finished-at="2022-08-30T15:14:23 IST" duration-ms="0" status="PASS">
          <reporter-output>
          </reporter-output>
        </test-method> <!-- setVariableEmpty -->
        <test-method is-config="true" signature="exitBrowser()[pri:0, instance:com.zaigo.reactui.EditDetailScreenCompaniesTestCases@47d9a273]" started-at="2022-08-30T15:14:25 IST" name="exitBrowser" finished-at="2022-08-30T15:14:25 IST" duration-ms="158" status="PASS">
          <reporter-output>
          </reporter-output>
        </test-method> <!-- exitBrowser -->
        <test-method is-config="true" signature="setVariableEmpty()[pri:0, instance:com.zaigo.reactui.EditDetailScreenCompaniesTestCases@47d9a273]" started-at="2022-08-30T15:14:25 IST" name="setVariableEmpty" finished-at="2022-08-30T15:14:25 IST" duration-ms="0" status="PASS">
          <reporter-output>
          </reporter-output>
        </test-method> <!-- setVariableEmpty -->
      </class> <!-- com.zaigo.reactui.EditDetailScreenCompaniesTestCases -->
      <class name="com.zaigo.reactui.SendInviteTestCases">
        <test-method is-config="true" signature="setup()[pri:0, instance:com.zaigo.reactui.SendInviteTestCases@1b11171f]" started-at="2022-08-30T15:17:10 IST" name="setup" finished-at="2022-08-30T15:17:11 IST" duration-ms="874" status="PASS">
          <reporter-output>
          </reporter-output>
        </test-method> <!-- setup -->
        <test-method signature="verifyUserTab()[pri:1, instance:com.zaigo.reactui.SendInviteTestCases@1b11171f]" started-at="2022-08-30T15:17:11 IST" name="verifyUserTab" finished-at="2022-08-30T15:17:35 IST" duration-ms="24158" status="PASS">
          <reporter-output>
          </reporter-output>
        </test-method> <!-- verifyUserTab -->
        <test-method is-config="true" signature="setVariableEmpty()[pri:0, instance:com.zaigo.reactui.SendInviteTestCases@1b11171f]" started-at="2022-08-30T15:17:35 IST" name="setVariableEmpty" finished-at="2022-08-30T15:17:35 IST" duration-ms="0" status="PASS">
          <reporter-output>
          </reporter-output>
        </test-method> <!-- setVariableEmpty -->
        <test-method signature="verifySendInvitePopup()[pri:2, instance:com.zaigo.reactui.SendInviteTestCases@1b11171f]" started-at="2022-08-30T15:17:35 IST" name="verifySendInvitePopup" finished-at="2022-08-30T15:17:43 IST" duration-ms="7873" status="PASS">
          <reporter-output>
          </reporter-output>
        </test-method> <!-- verifySendInvitePopup -->
        <test-method is-config="true" signature="setVariableEmpty()[pri:0, instance:com.zaigo.reactui.SendInviteTestCases@1b11171f]" started-at="2022-08-30T15:17:43 IST" name="setVariableEmpty" finished-at="2022-08-30T15:17:43 IST" duration-ms="1" status="PASS">
          <reporter-output>
          </reporter-output>
        </test-method> <!-- setVariableEmpty -->
        <test-method signature="verifyEmailRequired()[pri:3, instance:com.zaigo.reactui.SendInviteTestCases@1b11171f]" started-at="2022-08-30T15:17:43 IST" name="verifyEmailRequired" finished-at="2022-08-30T15:17:45 IST" duration-ms="2092" status="PASS">
          <reporter-output>
          </reporter-output>
        </test-method> <!-- verifyEmailRequired -->
        <test-method is-config="true" signature="setVariableEmpty()[pri:0, instance:com.zaigo.reactui.SendInviteTestCases@1b11171f]" started-at="2022-08-30T15:17:45 IST" name="setVariableEmpty" finished-at="2022-08-30T15:17:45 IST" duration-ms="1" status="PASS">
          <reporter-output>
          </reporter-output>
        </test-method> <!-- setVariableEmpty -->
        <test-method signature="verifyEmailFormat()[pri:4, instance:com.zaigo.reactui.SendInviteTestCases@1b11171f]" started-at="2022-08-30T15:17:45 IST" name="verifyEmailFormat" finished-at="2022-08-30T15:17:48 IST" duration-ms="2789" status="PASS">
          <reporter-output>
          </reporter-output>
        </test-method> <!-- verifyEmailFormat -->
        <test-method signature="verifyFirtName()[pri:5, instance:com.zaigo.reactui.SendInviteTestCases@1b11171f]" started-at="2022-08-30T15:17:48 IST" name="verifyFirtName" finished-at="2022-08-30T15:17:48 IST" duration-ms="154" status="PASS">
          <reporter-output>
          </reporter-output>
        </test-method> <!-- verifyFirtName -->
        <test-method is-config="true" signature="setVariableEmpty()[pri:0, instance:com.zaigo.reactui.SendInviteTestCases@1b11171f]" started-at="2022-08-30T15:17:48 IST" name="setVariableEmpty" finished-at="2022-08-30T15:17:48 IST" duration-ms="0" status="PASS">
          <reporter-output>
          </reporter-output>
        </test-method> <!-- setVariableEmpty -->
        <test-method signature="verifyFirtNameWithBlankSpace()[pri:6, instance:com.zaigo.reactui.SendInviteTestCases@1b11171f]" started-at="2022-08-30T15:17:48 IST" name="verifyFirtNameWithBlankSpace" finished-at="2022-08-30T15:17:50 IST" duration-ms="2591" status="PASS">
          <reporter-output>
          </reporter-output>
        </test-method> <!-- verifyFirtNameWithBlankSpace -->
        <test-method is-config="true" signature="setVariableEmpty()[pri:0, instance:com.zaigo.reactui.SendInviteTestCases@1b11171f]" started-at="2022-08-30T15:17:48 IST" name="setVariableEmpty" finished-at="2022-08-30T15:17:48 IST" duration-ms="0" status="PASS">
          <reporter-output>
          </reporter-output>
        </test-method> <!-- setVariableEmpty -->
        <test-method signature="verifyUserEnterMessage()[pri:7, instance:com.zaigo.reactui.SendInviteTestCases@1b11171f]" started-at="2022-08-30T15:17:50 IST" name="verifyUserEnterMessage" finished-at="2022-08-30T15:17:53 IST" duration-ms="2437" status="PASS">
          <reporter-output>
          </reporter-output>
        </test-method> <!-- verifyUserEnterMessage -->
        <test-method is-config="true" signature="setVariableEmpty()[pri:0, instance:com.zaigo.reactui.SendInviteTestCases@1b11171f]" started-at="2022-08-30T15:17:50 IST" name="setVariableEmpty" finished-at="2022-08-30T15:17:50 IST" duration-ms="0" status="PASS">
          <reporter-output>
          </reporter-output>
        </test-method> <!-- setVariableEmpty -->
        <test-method signature="verifyAddMoreButton()[pri:8, instance:com.zaigo.reactui.SendInviteTestCases@1b11171f]" started-at="2022-08-30T15:17:53 IST" name="verifyAddMoreButton" finished-at="2022-08-30T15:17:53 IST" duration-ms="101" status="PASS">
          <reporter-output>
          </reporter-output>
        </test-method> <!-- verifyAddMoreButton -->
        <test-method is-config="true" signature="setVariableEmpty()[pri:0, instance:com.zaigo.reactui.SendInviteTestCases@1b11171f]" started-at="2022-08-30T15:17:53 IST" name="setVariableEmpty" finished-at="2022-08-30T15:17:53 IST" duration-ms="0" status="PASS">
          <reporter-output>
          </reporter-output>
        </test-method> <!-- setVariableEmpty -->
        <test-method signature="verifyUserSendInvite()[pri:9, instance:com.zaigo.reactui.SendInviteTestCases@1b11171f]" started-at="2022-08-30T15:17:53 IST" name="verifyUserSendInvite" finished-at="2022-08-30T15:17:59 IST" duration-ms="5769" status="PASS">
          <reporter-output>
          </reporter-output>
        </test-method> <!-- verifyUserSendInvite -->
        <test-method is-config="true" signature="setVariableEmpty()[pri:0, instance:com.zaigo.reactui.SendInviteTestCases@1b11171f]" started-at="2022-08-30T15:17:53 IST" name="setVariableEmpty" finished-at="2022-08-30T15:17:53 IST" duration-ms="0" status="PASS">
          <reporter-output>
          </reporter-output>
        </test-method> <!-- setVariableEmpty -->
        <test-method is-config="true" signature="setVariableEmpty()[pri:0, instance:com.zaigo.reactui.SendInviteTestCases@1b11171f]" started-at="2022-08-30T15:17:59 IST" name="setVariableEmpty" finished-at="2022-08-30T15:17:59 IST" duration-ms="0" status="PASS">
          <reporter-output>
          </reporter-output>
        </test-method> <!-- setVariableEmpty -->
        <test-method is-config="true" signature="exitBrowser()[pri:0, instance:com.zaigo.reactui.SendInviteTestCases@1b11171f]" started-at="2022-08-30T15:17:59 IST" name="exitBrowser" finished-at="2022-08-30T15:17:59 IST" duration-ms="180" status="PASS">
          <reporter-output>
          </reporter-output>
        </test-method> <!-- exitBrowser -->
      </class> <!-- com.zaigo.reactui.SendInviteTestCases -->
    </test> <!-- Login TestCases -->
  </suite> <!-- Fieldy Login Test -->
</testng-results>
