<?xml version="1.0" encoding="UTF-8"?>
<testng-results skipped="0" failed="0" ignored="0" total="9" passed="9">
  <reporter-output>
  </reporter-output>
  <suite name="Fieldy Login Test" duration-ms="53457" started-at="2022-06-23T17:16:54 IST" finished-at="2022-06-23T17:17:47 IST">
    <groups>
    </groups>
    <test name="Login TestCases" duration-ms="53457" started-at="2022-06-23T17:16:54 IST" finished-at="2022-06-23T17:17:47 IST">
      <class name="com.zaigo.reactui.CreateContractorTestCases">
        <test-method status="PASS" signature="setup()[pri:0, instance:com.zaigo.reactui.CreateContractorTestCases@5a1c0542]" name="setup" is-config="true" duration-ms="21929" started-at="2022-06-23T17:16:54 IST" finished-at="2022-06-23T17:17:16 IST">
          <reporter-output>
          </reporter-output>
        </test-method> <!-- setup -->
        <test-method status="PASS" signature="verifyContractorTab()[pri:1, instance:com.zaigo.reactui.CreateContractorTestCases@5a1c0542]" name="verifyContractorTab" duration-ms="23047" started-at="2022-06-23T17:17:16 IST" finished-at="2022-06-23T17:17:39 IST">
          <reporter-output>
          </reporter-output>
        </test-method> <!-- verifyContractorTab -->
        <test-method status="PASS" signature="setVariableEmpty()[pri:0, instance:com.zaigo.reactui.CreateContractorTestCases@5a1c0542]" name="setVariableEmpty" is-config="true" duration-ms="0" started-at="2022-06-23T17:17:39 IST" finished-at="2022-06-23T17:17:39 IST">
          <reporter-output>
          </reporter-output>
        </test-method> <!-- setVariableEmpty -->
        <test-method status="PASS" signature="verifyContractorNameMandatory()[pri:2, instance:com.zaigo.reactui.CreateContractorTestCases@5a1c0542]" name="verifyContractorNameMandatory" duration-ms="302" started-at="2022-06-23T17:17:39 IST" finished-at="2022-06-23T17:17:39 IST">
          <reporter-output>
          </reporter-output>
        </test-method> <!-- verifyContractorNameMandatory -->
        <test-method status="PASS" signature="setVariableEmpty()[pri:0, instance:com.zaigo.reactui.CreateContractorTestCases@5a1c0542]" name="setVariableEmpty" is-config="true" duration-ms="0" started-at="2022-06-23T17:17:39 IST" finished-at="2022-06-23T17:17:39 IST">
          <reporter-output>
          </reporter-output>
        </test-method> <!-- setVariableEmpty -->
        <test-method status="PASS" signature="verifyContractorEmailFormat()[pri:3, instance:com.zaigo.reactui.CreateContractorTestCases@5a1c0542]" name="verifyContractorEmailFormat" duration-ms="599" started-at="2022-06-23T17:17:39 IST" finished-at="2022-06-23T17:17:40 IST">
          <reporter-output>
          </reporter-output>
        </test-method> <!-- verifyContractorEmailFormat -->
        <test-method status="PASS" signature="setVariableEmpty()[pri:0, instance:com.zaigo.reactui.CreateContractorTestCases@5a1c0542]" name="setVariableEmpty" is-config="true" duration-ms="0" started-at="2022-06-23T17:17:40 IST" finished-at="2022-06-23T17:17:40 IST">
          <reporter-output>
          </reporter-output>
        </test-method> <!-- setVariableEmpty -->
        <test-method status="PASS" signature="verifyContractorNumberMinValidation()[pri:4, instance:com.zaigo.reactui.CreateContractorTestCases@5a1c0542]" name="verifyContractorNumberMinValidation" duration-ms="369" started-at="2022-06-23T17:17:40 IST" finished-at="2022-06-23T17:17:40 IST">
          <reporter-output>
          </reporter-output>
        </test-method> <!-- verifyContractorNumberMinValidation -->
        <test-method status="PASS" signature="setVariableEmpty()[pri:0, instance:com.zaigo.reactui.CreateContractorTestCases@5a1c0542]" name="setVariableEmpty" is-config="true" duration-ms="0" started-at="2022-06-23T17:17:40 IST" finished-at="2022-06-23T17:17:40 IST">
          <reporter-output>
          </reporter-output>
        </test-method> <!-- setVariableEmpty -->
        <test-method status="PASS" signature="verifyContractorNumberMaxValidation()[pri:5, instance:com.zaigo.reactui.CreateContractorTestCases@5a1c0542]" name="verifyContractorNumberMaxValidation" duration-ms="215" started-at="2022-06-23T17:17:40 IST" finished-at="2022-06-23T17:17:40 IST">
          <reporter-output>
          </reporter-output>
        </test-method> <!-- verifyContractorNumberMaxValidation -->
        <test-method status="PASS" signature="verifyFaxMinValidation()[pri:6, instance:com.zaigo.reactui.CreateContractorTestCases@5a1c0542]" name="verifyFaxMinValidation" duration-ms="4269" started-at="2022-06-23T17:17:40 IST" finished-at="2022-06-23T17:17:44 IST">
          <reporter-output>
          </reporter-output>
        </test-method> <!-- verifyFaxMinValidation -->
        <test-method status="PASS" signature="setVariableEmpty()[pri:0, instance:com.zaigo.reactui.CreateContractorTestCases@5a1c0542]" name="setVariableEmpty" is-config="true" duration-ms="0" started-at="2022-06-23T17:17:40 IST" finished-at="2022-06-23T17:17:40 IST">
          <reporter-output>
          </reporter-output>
        </test-method> <!-- setVariableEmpty -->
        <test-method status="PASS" signature="setVariableEmpty()[pri:0, instance:com.zaigo.reactui.CreateContractorTestCases@5a1c0542]" name="setVariableEmpty" is-config="true" duration-ms="0" started-at="2022-06-23T17:17:44 IST" finished-at="2022-06-23T17:17:44 IST">
          <reporter-output>
          </reporter-output>
        </test-method> <!-- setVariableEmpty -->
        <test-method status="PASS" signature="verifyFaxMaxValidation()[pri:7, instance:com.zaigo.reactui.CreateContractorTestCases@5a1c0542]" name="verifyFaxMaxValidation" duration-ms="414" started-at="2022-06-23T17:17:44 IST" finished-at="2022-06-23T17:17:45 IST">
          <reporter-output>
          </reporter-output>
        </test-method> <!-- verifyFaxMaxValidation -->
        <test-method status="PASS" signature="setVariableEmpty()[pri:0, instance:com.zaigo.reactui.CreateContractorTestCases@5a1c0542]" name="setVariableEmpty" is-config="true" duration-ms="0" started-at="2022-06-23T17:17:45 IST" finished-at="2022-06-23T17:17:45 IST">
          <reporter-output>
          </reporter-output>
        </test-method> <!-- setVariableEmpty -->
        <test-method status="PASS" signature="verifyCpersonMaxValidation()[pri:8, instance:com.zaigo.reactui.CreateContractorTestCases@5a1c0542]" name="verifyCpersonMaxValidation" duration-ms="1147" started-at="2022-06-23T17:17:45 IST" finished-at="2022-06-23T17:17:46 IST">
          <reporter-output>
          </reporter-output>
        </test-method> <!-- verifyCpersonMaxValidation -->
        <test-method status="PASS" signature="setVariableEmpty()[pri:0, instance:com.zaigo.reactui.CreateContractorTestCases@5a1c0542]" name="setVariableEmpty" is-config="true" duration-ms="0" started-at="2022-06-23T17:17:46 IST" finished-at="2022-06-23T17:17:46 IST">
          <reporter-output>
          </reporter-output>
        </test-method> <!-- setVariableEmpty -->
        <test-method status="PASS" signature="verifySaveButtonExist()[pri:9, instance:com.zaigo.reactui.CreateContractorTestCases@5a1c0542]" name="verifySaveButtonExist" duration-ms="55" started-at="2022-06-23T17:17:46 IST" finished-at="2022-06-23T17:17:46 IST">
          <reporter-output>
          </reporter-output>
        </test-method> <!-- verifySaveButtonExist -->
        <test-method status="PASS" signature="setVariableEmpty()[pri:0, instance:com.zaigo.reactui.CreateContractorTestCases@5a1c0542]" name="setVariableEmpty" is-config="true" duration-ms="0" started-at="2022-06-23T17:17:46 IST" finished-at="2022-06-23T17:17:46 IST">
          <reporter-output>
          </reporter-output>
        </test-method> <!-- setVariableEmpty -->
        <test-method status="PASS" signature="exitBrowser()[pri:0, instance:com.zaigo.reactui.CreateContractorTestCases@5a1c0542]" name="exitBrowser" is-config="true" duration-ms="1023" started-at="2022-06-23T17:17:46 IST" finished-at="2022-06-23T17:17:47 IST">
          <reporter-output>
          </reporter-output>
        </test-method> <!-- exitBrowser -->
      </class> <!-- com.zaigo.reactui.CreateContractorTestCases -->
    </test> <!-- Login TestCases -->
  </suite> <!-- Fieldy Login Test -->
</testng-results>
