<?xml version="1.0" encoding="UTF-8"?>
<!-- Generated by org.testng.reporters.JUnitXMLReporter -->
<testsuite ignored="0" hostname="DESKTOP-5M7AM2E" failures="4" tests="61" name="Login TestCases" time="371.198" errors="0" timestamp="2022-09-15T10:55:45 IST">
  <testcase classname="com.zaigo.reactui.LoginTestCases" name="verifyEmptyEmail" time="2.691"/>
  <testcase classname="com.zaigo.reactui.LoginTestCases" name="verifyEmptyPassword" time="1.879"/>
  <testcase classname="com.zaigo.reactui.LoginTestCases" name="verifyIncorrectMail" time="2.031"/>
  <testcase classname="com.zaigo.reactui.LoginTestCases" name="verifyIncorrectPassword" time="2.092"/>
  <testcase classname="com.zaigo.reactui.LoginTestCases" name="verifyInvalidEmail" time="2.03"/>
  <testcase classname="com.zaigo.reactui.LoginTestCases" name="verifyInvalidPassword" time="1.979"/>
  <testcase classname="com.zaigo.reactui.LoginTestCases" name="verifyInvalidCredentials" time="1.971"/>
  <testcase classname="com.zaigo.reactui.LoginTestCases" name="verify" time="13.694"/>
  <testcase classname="com.zaigo.reactui.EditDetailScreenCompaniesTestCases" name="loginPage" time="2.22"/>
  <testcase classname="com.zaigo.reactui.EditDetailScreenCompaniesTestCases" name="teamModule" time="15.687"/>
  <testcase classname="com.zaigo.reactui.EditDetailScreenCompaniesTestCases" name="edit" time="2.738"/>
  <testcase classname="com.zaigo.reactui.EditDetailScreenCompaniesTestCases" name="addLocation" time="3.822"/>
  <testcase classname="com.zaigo.reactui.EditDetailScreenCompaniesTestCases" name="deleteLocation" time="2.674"/>
  <testcase classname="com.zaigo.reactui.CreateContractorTestCases" name="verifyContractorTab" time="19.409"/>
  <testcase classname="com.zaigo.reactui.CreateContractorTestCases" name="verifyContractorNameMandatory" time="2.268"/>
  <testcase classname="com.zaigo.reactui.CreateContractorTestCases" name="verifyContractorEmailFormat" time="0.462"/>
  <testcase classname="com.zaigo.reactui.CreateContractorTestCases" name="verifyContractorNumberMinValidation" time="0.409"/>
  <testcase classname="com.zaigo.reactui.CreateContractorTestCases" name="verifyContractorNumberMaxValidation" time="0.289"/>
  <testcase classname="com.zaigo.reactui.CreateContractorTestCases" name="verifyFaxMinValidation" time="0.315"/>
  <testcase classname="com.zaigo.reactui.CreateContractorTestCases" name="verifyFaxMaxValidation" time="0.51"/>
  <testcase classname="com.zaigo.reactui.CreateContractorTestCases" name="verifyCpersonMaxValidation" time="2.011"/>
  <testcase classname="com.zaigo.reactui.CreateContractorTestCases" name="clearFields" time="14.574"/>
  <testcase classname="com.zaigo.reactui.CreateContractorTestCases" name="verifySaveButtonExist" time="0.04"/>
  <testcase classname="com.zaigo.reactui.CreateContractorTestCases" name="createContract" time="3.51"/>
  <testcase classname="com.zaigo.reactui.CreateContractorTestCases" name="listValidationName" time="1.121"/>
  <testcase classname="com.zaigo.reactui.CreateContractorTestCases" name="invalidValidationData" time="1.306"/>
  <testcase classname="com.zaigo.reactui.CreateUserTestCases" name="loginPage" time="3.332"/>
  <testcase classname="com.zaigo.reactui.CreateUserTestCases" name="modulePage" time="20.745"/>
  <testcase classname="com.zaigo.reactui.CreateUserTestCases" name="reqFieldUser" time="4.766"/>
  <testcase classname="com.zaigo.reactui.CreateUserTestCases" name="conReqField" time="2.854"/>
  <testcase classname="com.zaigo.reactui.CreateUserTestCases" name="reqOrganization" time="4.817"/>
  <testcase classname="com.zaigo.reactui.CreateUserTestCases" name="manditoryField" time="6.988"/>
  <testcase classname="com.zaigo.reactui.CreateUserTestCases" name="inputUserLocationFieldReq" time="7.092"/>
  <testcase classname="com.zaigo.reactui.CreateUserTestCases" name="conManditoryField" time="0.507"/>
  <testcase classname="com.zaigo.reactui.CreateUserTestCases" name="inputContractorLocationFieldReq" time="6.736"/>
  <testcase classname="com.zaigo.reactui.CreateUserTestCases" name="UserModule" time="15.479"/>
  <testcase classname="com.zaigo.reactui.CreateUserTestCases" name="listValidate" time="2.15"/>
  <testcase classname="com.zaigo.reactui.CreateUserTestCases" name="searchValidate" time="6.936"/>
  <testcase classname="com.zaigo.reactui.CreateUserTestCases" name="invalidSearch" time="6.586"/>
  <testcase classname="com.zaigo.reactui.CreateUserTestCases" name="conDatas" time="12.274"/>
  <testcase classname="com.zaigo.reactui.CreateUserTestCases" name="alreadyExistData" time="6.555"/>
  <testcase classname="com.zaigo.reactui.CreateUserTestCases" name="contractExistingData" time="20.585">
    <failure type="org.openqa.selenium.TimeoutException" message="Expected condition failed: waiting for visibility of element located by By.xpath: //span[text()=&amp;apos;User have been deleted successfully&amp;apos;] (tried for 10 second(s) with 500 milliseconds interval)">
      <![CDATA[org.openqa.selenium.TimeoutException: Expected condition failed: waiting for visibility of element located by By.xpath: //span[text()='User have been deleted successfully'] (tried for 10 second(s) with 500 milliseconds interval)
at org.openqa.selenium.support.ui.WebDriverWait.timeoutException(WebDriverWait.java:95)
at org.openqa.selenium.support.ui.FluentWait.until(FluentWait.java:272)
at com.zaigo.pageobjects.CreateUserPage.verifyDeleteMessage(CreateUserPage.java:999)
at com.zaigo.pageobjects.CreateUserPage.deleteField(CreateUserPage.java:1027)
at com.zaigo.reactui.CreateUserTestCases.contractExistingData(CreateUserTestCases.java:154)
at java.base/java.util.ArrayList.forEach(ArrayList.java:1511)
Caused by: org.openqa.selenium.NoSuchElementException: no such element: Unable to locate element: {"method":"xpath","selector":"//span[text()='User have been deleted successfully']"}
  (Session info: chrome=105.0.5195.102)
For documentation on this error, please visit: https://www.seleniumhq.org/exceptions/no_such_element.html
Build info: version: '3.141.59', revision: 'e82be7d358', time: '2018-11-14T08:17:03'
System info: host: 'DESKTOP-5M7AM2E', ip: '192.168.0.239', os.name: 'Windows 11', os.arch: 'amd64', os.version: '10.0', java.version: '17.0.3'
Driver info: org.openqa.selenium.chrome.ChromeDriver
Capabilities {acceptInsecureCerts: false, browserName: chrome, browserVersion: 105.0.5195.102, chrome: {chromedriverVersion: 105.0.5195.52 (412c95e51883..., userDataDir: C:\Users\ZAIGOP~1\AppData\L...}, goog:chromeOptions: {debuggerAddress: localhost:59741}, javascriptEnabled: true, networkConnectionEnabled: false, pageLoadStrategy: normal, platform: WINDOWS, platformName: WINDOWS, proxy: Proxy(), setWindowRect: true, strictFileInteractability: false, timeouts: {implicit: 0, pageLoad: 300000, script: 30000}, unhandledPromptBehavior: dismiss and notify, webauthn:extension:credBlob: true, webauthn:extension:largeBlob: true, webauthn:virtualAuthenticators: true}
Session ID: e5b86139b0d2e37a10f4fc8e7d475fa5
*** Element info: {Using=xpath, value=//span[text()='User have been deleted successfully']}
at org.openqa.selenium.remote.http.W3CHttpResponseCodec.createException(W3CHttpResponseCodec.java:187)
at org.openqa.selenium.remote.http.W3CHttpResponseCodec.decode(W3CHttpResponseCodec.java:122)
at org.openqa.selenium.remote.http.W3CHttpResponseCodec.decode(W3CHttpResponseCodec.java:49)
at org.openqa.selenium.remote.HttpCommandExecutor.execute(HttpCommandExecutor.java:158)
at org.openqa.selenium.remote.service.DriverCommandExecutor.execute(DriverCommandExecutor.java:83)
at org.openqa.selenium.remote.RemoteWebDriver.execute(RemoteWebDriver.java:552)
at org.openqa.selenium.remote.RemoteWebDriver.findElement(RemoteWebDriver.java:323)
at org.openqa.selenium.remote.RemoteWebDriver.findElementByXPath(RemoteWebDriver.java:428)
at org.openqa.selenium.By$ByXPath.findElement(By.java:353)
at org.openqa.selenium.remote.RemoteWebDriver.findElement(RemoteWebDriver.java:315)
at org.openqa.selenium.support.ui.ExpectedConditions$7.apply(ExpectedConditions.java:205)
at org.openqa.selenium.support.ui.ExpectedConditions$7.apply(ExpectedConditions.java:201)
at org.openqa.selenium.support.ui.FluentWait.until(FluentWait.java:249)
... 31 more
... Removed 31 stack frames]]>
    </failure>
  </testcase> <!-- contractExistingData -->
  <testcase classname="com.zaigo.reactui.SendInviteTestCases" name="verifyUserTab" time="11.388"/>
  <testcase classname="com.zaigo.reactui.SendInviteTestCases" name="verifySendInvitePopup" time="6.643"/>
  <testcase classname="com.zaigo.reactui.SendInviteTestCases" name="verifyEmailRequired" time="2.23"/>
  <testcase classname="com.zaigo.reactui.SendInviteTestCases" name="verifyEmailFormat" time="3.058"/>
  <testcase classname="com.zaigo.reactui.SendInviteTestCases" name="verifyFirtName" time="0.23"/>
  <testcase classname="com.zaigo.reactui.SendInviteTestCases" name="verifyFirtNameWithBlankSpace" time="2.78"/>
  <testcase classname="com.zaigo.reactui.SendInviteTestCases" name="verifyUserEnterMessage" time="2.797"/>
  <testcase classname="com.zaigo.reactui.SendInviteTestCases" name="verifyAddMoreButton" time="0.154"/>
  <testcase classname="com.zaigo.reactui.SendInviteTestCases" name="verifyUserSendInvite" time="6.669"/>
  <testcase classname="com.zaigo.reactui.EditContractorCompaniesTestCases" name="loginPage" time="3.335"/>
  <testcase classname="com.zaigo.reactui.EditContractorCompaniesTestCases" name="userModuleField" time="21.645"/>
  <testcase classname="com.zaigo.reactui.EditContractorCompaniesTestCases" name="editField" time="1.947"/>
  <testcase classname="com.zaigo.reactui.EditContractorCompaniesTestCases" name="editName" time="10.479">
    <failure type="org.openqa.selenium.TimeoutException" message="Expected condition failed: waiting for element to be clickable: By.xpath: //a[@data-exitpopup=&amp;apos;team_companies_contractor&amp;apos;] (tried for 10 second(s) with 500 milliseconds interval)">
      <![CDATA[org.openqa.selenium.TimeoutException: Expected condition failed: waiting for element to be clickable: By.xpath: //a[@data-exitpopup='team_companies_contractor'] (tried for 10 second(s) with 500 milliseconds interval)
at org.openqa.selenium.support.ui.WebDriverWait.timeoutException(WebDriverWait.java:95)
at org.openqa.selenium.support.ui.FluentWait.until(FluentWait.java:272)
at com.zaigo.pageobjects.EditContractorCompaniesPage.assertPage(EditContractorCompaniesPage.java:113)
at com.zaigo.pageobjects.EditContractorCompaniesPage.editNameField(EditContractorCompaniesPage.java:165)
at com.zaigo.reactui.EditContractorCompaniesTestCases.editName(EditContractorCompaniesTestCases.java:66)
at java.base/java.util.ArrayList.forEach(ArrayList.java:1511)
Caused by: org.openqa.selenium.NoSuchElementException: no such element: Unable to locate element: {"method":"xpath","selector":"//a[@data-exitpopup='team_companies_contractor']"}
  (Session info: chrome=105.0.5195.102)
For documentation on this error, please visit: https://www.seleniumhq.org/exceptions/no_such_element.html
Build info: version: '3.141.59', revision: 'e82be7d358', time: '2018-11-14T08:17:03'
System info: host: 'DESKTOP-5M7AM2E', ip: '192.168.0.239', os.name: 'Windows 11', os.arch: 'amd64', os.version: '10.0', java.version: '17.0.3'
Driver info: org.openqa.selenium.chrome.ChromeDriver
Capabilities {acceptInsecureCerts: false, browserName: chrome, browserVersion: 105.0.5195.102, chrome: {chromedriverVersion: 105.0.5195.52 (412c95e51883..., userDataDir: C:\Users\ZAIGOP~1\AppData\L...}, goog:chromeOptions: {debuggerAddress: localhost:60133}, javascriptEnabled: true, networkConnectionEnabled: false, pageLoadStrategy: normal, platform: WINDOWS, platformName: WINDOWS, proxy: Proxy(), setWindowRect: true, strictFileInteractability: false, timeouts: {implicit: 0, pageLoad: 300000, script: 30000}, unhandledPromptBehavior: dismiss and notify, webauthn:extension:credBlob: true, webauthn:extension:largeBlob: true, webauthn:virtualAuthenticators: true}
Session ID: 19fdbe1267abb184948b2115722f0817
*** Element info: {Using=xpath, value=//a[@data-exitpopup='team_companies_contractor']}
at org.openqa.selenium.remote.http.W3CHttpResponseCodec.createException(W3CHttpResponseCodec.java:187)
at org.openqa.selenium.remote.http.W3CHttpResponseCodec.decode(W3CHttpResponseCodec.java:122)
at org.openqa.selenium.remote.http.W3CHttpResponseCodec.decode(W3CHttpResponseCodec.java:49)
at org.openqa.selenium.remote.HttpCommandExecutor.execute(HttpCommandExecutor.java:158)
at org.openqa.selenium.remote.service.DriverCommandExecutor.execute(DriverCommandExecutor.java:83)
at org.openqa.selenium.remote.RemoteWebDriver.execute(RemoteWebDriver.java:552)
at org.openqa.selenium.remote.RemoteWebDriver.findElement(RemoteWebDriver.java:323)
at org.openqa.selenium.remote.RemoteWebDriver.findElementByXPath(RemoteWebDriver.java:428)
at org.openqa.selenium.By$ByXPath.findElement(By.java:353)
at org.openqa.selenium.remote.RemoteWebDriver.findElement(RemoteWebDriver.java:315)
at org.openqa.selenium.support.ui.ExpectedConditions$7.apply(ExpectedConditions.java:205)
at org.openqa.selenium.support.ui.ExpectedConditions$7.apply(ExpectedConditions.java:201)
at org.openqa.selenium.support.ui.ExpectedConditions$22.apply(ExpectedConditions.java:641)
at org.openqa.selenium.support.ui.ExpectedConditions$22.apply(ExpectedConditions.java:638)
at org.openqa.selenium.support.ui.FluentWait.until(FluentWait.java:249)
... 31 more
... Removed 31 stack frames]]>
    </failure>
  </testcase> <!-- editName -->
  <testcase classname="com.zaigo.reactui.EditContractorCompaniesTestCases" name="deleteField" time="10.477">
    <failure type="org.openqa.selenium.TimeoutException" message="Expected condition failed: waiting for visibility of element located by By.xpath: //*[@id=&amp;quot;fieldy-user-company-contractor-list_aserpttbl&amp;quot;]/tbody/tr[2]/td[8]/div/div[1] (tried for 10 second(s) with 500 milliseconds interval)">
      <![CDATA[org.openqa.selenium.TimeoutException: Expected condition failed: waiting for visibility of element located by By.xpath: //*[@id="fieldy-user-company-contractor-list_aserpttbl"]/tbody/tr[2]/td[8]/div/div[1] (tried for 10 second(s) with 500 milliseconds interval)
at org.openqa.selenium.support.ui.WebDriverWait.timeoutException(WebDriverWait.java:95)
at org.openqa.selenium.support.ui.FluentWait.until(FluentWait.java:272)
at com.zaigo.pageobjects.EditContractorCompaniesPage.deleteField(EditContractorCompaniesPage.java:207)
at com.zaigo.pageobjects.EditContractorCompaniesPage.dltField(EditContractorCompaniesPage.java:222)
at com.zaigo.reactui.EditContractorCompaniesTestCases.deleteField(EditContractorCompaniesTestCases.java:73)
at java.base/java.util.ArrayList.forEach(ArrayList.java:1511)
Caused by: org.openqa.selenium.NoSuchElementException: no such element: Unable to locate element: {"method":"xpath","selector":"//*[@id="fieldy-user-company-contractor-list_aserpttbl"]/tbody/tr[2]/td[8]/div/div[1]"}
  (Session info: chrome=105.0.5195.102)
For documentation on this error, please visit: https://www.seleniumhq.org/exceptions/no_such_element.html
Build info: version: '3.141.59', revision: 'e82be7d358', time: '2018-11-14T08:17:03'
System info: host: 'DESKTOP-5M7AM2E', ip: '192.168.0.239', os.name: 'Windows 11', os.arch: 'amd64', os.version: '10.0', java.version: '17.0.3'
Driver info: org.openqa.selenium.chrome.ChromeDriver
Capabilities {acceptInsecureCerts: false, browserName: chrome, browserVersion: 105.0.5195.102, chrome: {chromedriverVersion: 105.0.5195.52 (412c95e51883..., userDataDir: C:\Users\ZAIGOP~1\AppData\L...}, goog:chromeOptions: {debuggerAddress: localhost:60133}, javascriptEnabled: true, networkConnectionEnabled: false, pageLoadStrategy: normal, platform: WINDOWS, platformName: WINDOWS, proxy: Proxy(), setWindowRect: true, strictFileInteractability: false, timeouts: {implicit: 0, pageLoad: 300000, script: 30000}, unhandledPromptBehavior: dismiss and notify, webauthn:extension:credBlob: true, webauthn:extension:largeBlob: true, webauthn:virtualAuthenticators: true}
Session ID: 19fdbe1267abb184948b2115722f0817
*** Element info: {Using=xpath, value=//*[@id="fieldy-user-company-contractor-list_aserpttbl"]/tbody/tr[2]/td[8]/div/div[1]}
at org.openqa.selenium.remote.http.W3CHttpResponseCodec.createException(W3CHttpResponseCodec.java:187)
at org.openqa.selenium.remote.http.W3CHttpResponseCodec.decode(W3CHttpResponseCodec.java:122)
at org.openqa.selenium.remote.http.W3CHttpResponseCodec.decode(W3CHttpResponseCodec.java:49)
at org.openqa.selenium.remote.HttpCommandExecutor.execute(HttpCommandExecutor.java:158)
at org.openqa.selenium.remote.service.DriverCommandExecutor.execute(DriverCommandExecutor.java:83)
at org.openqa.selenium.remote.RemoteWebDriver.execute(RemoteWebDriver.java:552)
at org.openqa.selenium.remote.RemoteWebDriver.findElement(RemoteWebDriver.java:323)
at org.openqa.selenium.remote.RemoteWebDriver.findElementByXPath(RemoteWebDriver.java:428)
at org.openqa.selenium.By$ByXPath.findElement(By.java:353)
at org.openqa.selenium.remote.RemoteWebDriver.findElement(RemoteWebDriver.java:315)
at org.openqa.selenium.support.ui.ExpectedConditions$7.apply(ExpectedConditions.java:205)
at org.openqa.selenium.support.ui.ExpectedConditions$7.apply(ExpectedConditions.java:201)
at org.openqa.selenium.support.ui.FluentWait.until(FluentWait.java:249)
... 31 more
... Removed 31 stack frames]]>
    </failure>
  </testcase> <!-- deleteField -->
  <testcase classname="com.zaigo.reactui.EditUserTestCases" name="loginPage" time="3.446"/>
  <testcase classname="com.zaigo.reactui.EditUserTestCases" name="modulePage" time="20.376"/>
  <testcase classname="com.zaigo.reactui.EditUserTestCases" name="editFunctionality" time="4.199"/>
  <testcase classname="com.zaigo.reactui.EditUserTestCases" name="updateContent" time="7.693"/>
  <testcase classname="com.zaigo.reactui.EditUserTestCases" name="deleteList" time="10.86">
    <failure type="org.openqa.selenium.TimeoutException" message="Expected condition failed: waiting for visibility of element located by By.xpath: //span[text()=&amp;apos;User have been deleted successfully&amp;apos;] (tried for 10 second(s) with 500 milliseconds interval)">
      <![CDATA[org.openqa.selenium.TimeoutException: Expected condition failed: waiting for visibility of element located by By.xpath: //span[text()='User have been deleted successfully'] (tried for 10 second(s) with 500 milliseconds interval)
at org.openqa.selenium.support.ui.WebDriverWait.timeoutException(WebDriverWait.java:95)
at org.openqa.selenium.support.ui.FluentWait.until(FluentWait.java:272)
at com.zaigo.pageobjects.EditUserPage.verifyDeleteMessage(EditUserPage.java:213)
at com.zaigo.pageobjects.EditUserPage.deleteField(EditUserPage.java:230)
at com.zaigo.reactui.EditUserTestCases.deleteList(EditUserTestCases.java:66)
at java.base/java.util.ArrayList.forEach(ArrayList.java:1511)
Caused by: org.openqa.selenium.NoSuchElementException: no such element: Unable to locate element: {"method":"xpath","selector":"//span[text()='User have been deleted successfully']"}
  (Session info: chrome=105.0.5195.102)
For documentation on this error, please visit: https://www.seleniumhq.org/exceptions/no_such_element.html
Build info: version: '3.141.59', revision: 'e82be7d358', time: '2018-11-14T08:17:03'
System info: host: 'DESKTOP-5M7AM2E', ip: '192.168.0.239', os.name: 'Windows 11', os.arch: 'amd64', os.version: '10.0', java.version: '17.0.3'
Driver info: org.openqa.selenium.chrome.ChromeDriver
Capabilities {acceptInsecureCerts: false, browserName: chrome, browserVersion: 105.0.5195.102, chrome: {chromedriverVersion: 105.0.5195.52 (412c95e51883..., userDataDir: C:\Users\ZAIGOP~1\AppData\L...}, goog:chromeOptions: {debuggerAddress: localhost:60195}, javascriptEnabled: true, networkConnectionEnabled: false, pageLoadStrategy: normal, platform: WINDOWS, platformName: WINDOWS, proxy: Proxy(), setWindowRect: true, strictFileInteractability: false, timeouts: {implicit: 0, pageLoad: 300000, script: 30000}, unhandledPromptBehavior: dismiss and notify, webauthn:extension:credBlob: true, webauthn:extension:largeBlob: true, webauthn:virtualAuthenticators: true}
Session ID: e69c6ce19780a1027658b0e0f7c4cdc8
*** Element info: {Using=xpath, value=//span[text()='User have been deleted successfully']}
at org.openqa.selenium.remote.http.W3CHttpResponseCodec.createException(W3CHttpResponseCodec.java:187)
at org.openqa.selenium.remote.http.W3CHttpResponseCodec.decode(W3CHttpResponseCodec.java:122)
at org.openqa.selenium.remote.http.W3CHttpResponseCodec.decode(W3CHttpResponseCodec.java:49)
at org.openqa.selenium.remote.HttpCommandExecutor.execute(HttpCommandExecutor.java:158)
at org.openqa.selenium.remote.service.DriverCommandExecutor.execute(DriverCommandExecutor.java:83)
at org.openqa.selenium.remote.RemoteWebDriver.execute(RemoteWebDriver.java:552)
at org.openqa.selenium.remote.RemoteWebDriver.findElement(RemoteWebDriver.java:323)
at org.openqa.selenium.remote.RemoteWebDriver.findElementByXPath(RemoteWebDriver.java:428)
at org.openqa.selenium.By$ByXPath.findElement(By.java:353)
at org.openqa.selenium.remote.RemoteWebDriver.findElement(RemoteWebDriver.java:315)
at org.openqa.selenium.support.ui.ExpectedConditions$7.apply(ExpectedConditions.java:205)
at org.openqa.selenium.support.ui.ExpectedConditions$7.apply(ExpectedConditions.java:201)
at org.openqa.selenium.support.ui.FluentWait.until(FluentWait.java:249)
... 31 more
... Removed 31 stack frames]]>
    </failure>
  </testcase> <!-- deleteList -->
</testsuite> <!-- Login TestCases -->
